<?xml version="1.0" encoding="UTF-8"?>
<testsuite xmlns:xsi="http://www.w3.org/2001/XMLSchema-instance" xsi:noNamespaceSchemaLocation="https://maven.apache.org/surefire/maven-surefire-plugin/xsd/surefire-test-report-3.0.xsd" version="3.0" name="com.task.aysnctask.AsyncTaskApplicationTests" time="7.382" tests="1" errors="0" skipped="0" failures="0">
  <properties>
[...]
</properties>
  <testcase name="contextLoads" classname="com.task.aysnctask.AsyncTaskApplicationTests" time="1.697">
    <system-out><![CDATA[19:29:58.705 [main] INFO org.springframework.test.context.support.AnnotationConfigContextLoaderUtils -- Could not detect default configuration classes for test class [com.task.aysnctask.AsyncTaskApplicationTests]: AsyncTaskApplicationTests does not declare any static, non-private, non-final, nested classes annotated with @Configuration.
19:29:59.020 [main] INFO org.springframework.boot.test.context.SpringBootTestContextBootstrapper -- Found @SpringBootConfiguration com.task.aysnctask.AsyncTaskApplication for test class com.task.aysnctask.AsyncTaskApplicationTests

  .   ____          _            __ _ _
 /\\ / ___'_ __ _ _(_)_ __  __ _ \ \ \ \
( ( )\___ | '_ | '_| | '_ \/ _` | \ \ \ \
 \\/  ___)| |_)| | | | | || (_| |  ) ) ) )
  '  |____| .__|_| |_|_| |_\__, | / / / /
 =========|_|==============|___/=/_/_/_/
 :: Spring Boot ::                (v3.2.0)

2023-12-20T19:30:00.083+11:00  INFO 21912 --- [           main] c.t.aysnctask.AsyncTaskApplicationTests  : Starting AsyncTaskApplicationTests using Java 17.0.9 with PID 21912 (started by blink in C:\Users\blink\Downloads\aysnc-task\async-task)
2023-12-20T19:30:00.086+11:00  INFO 21912 --- [           main] c.t.aysnctask.AsyncTaskApplicationTests  : No active profile set, falling back to 1 default profile: "default"
2023-12-20T19:30:03.661+11:00  INFO 21912 --- [           main] o.s.a.r.c.CachingConnectionFactory       : Attempting to connect to: [localhost:5672]
2023-12-20T19:30:03.805+11:00  INFO 21912 --- [           main] o.s.a.r.c.CachingConnectionFactory       : Created new connection: rabbitConnectionFactory#3811510:0/SimpleConnection@4fa86cb8 [delegate=amqp://guest@127.0.0.1:5672/, localPort=61795]
2023-12-20T19:30:03.962+11:00  INFO 21912 --- [           main] c.t.aysnctask.AsyncTaskApplicationTests  : Started AsyncTaskApplicationTests in 4.6 seconds (process running for 6.885)
]]></system-out>
  </testcase>
</testsuite>